<?xml version="1.0" encoding="UTF-8"?>
<!-- Generated by org.testng.reporters.JUnitReportReporter -->
<testsuite hostname="workzone" failures="0" tests="3" name="batch7TestNG.TestNGproject1.Aug19dataprovider" time="27.662" errors="0" timestamp="2023-08-19T11:20:59 PDT" skipped="0">
  <testcase classname="batch7TestNG.TestNGproject1.Aug19dataprovider" name="f" time="9.206"/>
  <testcase classname="batch7TestNG.TestNGproject1.Aug19dataprovider" name="f" time="9.198"/>
  <testcase classname="batch7TestNG.TestNGproject1.Aug19dataprovider" name="f" time="9.258"/>
</testsuite> <!-- batch7TestNG.TestNGproject1.Aug19dataprovider -->
