<?xml version="1.0" encoding="UTF-8"?>
<!-- Generated by org.testng.reporters.JUnitReportReporter -->
<testsuite hostname="workzone" failures="0" tests="1" name="batch7TestNG.TestNGproject1.NewTest" time="16.057" errors="0" timestamp="2023-08-12T14:21:29 PDT" skipped="0">
  <testcase classname="batch7TestNG.TestNGproject1.NewTest" name="Street_Address" time="16.057"/>
</testsuite> <!-- batch7TestNG.TestNGproject1.NewTest -->
