<?xml version="1.0" encoding="UTF-8"?>
<!-- Generated by org.testng.reporters.JUnitReportReporter -->
<testsuite hostname="workzone" failures="0" tests="1" name="batch7TestNG.TestNGproject1.Aug13test" time="6.462" errors="0" timestamp="2023-08-19T10:54:30 PDT" skipped="0">
  <testcase classname="batch7TestNG.TestNGproject1.Aug13test" name="f" time="6.462"/>
</testsuite> <!-- batch7TestNG.TestNGproject1.Aug13test -->
